{"total": {"lines":{"total":12,"covered":10,"skipped":0,"pct":83.33},"statements":{"total":12,"covered":10,"skipped":0,"pct":83.33},"functions":{"total":4,"covered":3,"skipped":0,"pct":75},"branches":{"total":0,"covered":0,"skipped":0,"pct":100},"branchesTrue":{"total":0,"covered":0,"skipped":0,"pct":"Unknown"}}
,"/home/patrickbastos/Projetos/Projeto_XP/XP-My-Investments/src/database/models/investment.js": {"lines":{"total":6,"covered":4,"skipped":0,"pct":66.66},"functions":{"total":2,"covered":1,"skipped":0,"pct":50},"statements":{"total":6,"covered":4,"skipped":0,"pct":66.66},"branches":{"total":0,"covered":0,"skipped":0,"pct":100}}
,"/home/patrickbastos/Projetos/Projeto_XP/XP-My-Investments/src/database/models/investor.js": {"lines":{"total":3,"covered":3,"skipped":0,"pct":100},"functions":{"total":1,"covered":1,"skipped":0,"pct":100},"statements":{"total":3,"covered":3,"skipped":0,"pct":100},"branches":{"total":0,"covered":0,"skipped":0,"pct":100}}
,"/home/patrickbastos/Projetos/Projeto_XP/XP-My-Investments/src/database/models/stock.js": {"lines":{"total":3,"covered":3,"skipped":0,"pct":100},"functions":{"total":1,"covered":1,"skipped":0,"pct":100},"statements":{"total":3,"covered":3,"skipped":0,"pct":100},"branches":{"total":0,"covered":0,"skipped":0,"pct":100}}
}
